F:\BRISQUE\BRISQUE_003\BRISQUE_003\DEBUG\BRISQUE.OBJ
F:\BRISQUE\BRISQUE_003\BRISQUE_003\DEBUG\BRISQUE_003.EXE.EMBED.MANIFEST
F:\BRISQUE\BRISQUE_003\BRISQUE_003\DEBUG\BRISQUE_003.EXE.EMBED.MANIFEST.RES
F:\BRISQUE\BRISQUE_003\BRISQUE_003\DEBUG\BRISQUE_003.EXE.INTERMEDIATE.MANIFEST
F:\BRISQUE\BRISQUE_003\BRISQUE_003\Debug\BRISQUE_003.write.1.tlog
F:\BRISQUE\BRISQUE_003\BRISQUE_003\Debug\BRISQUE_003_manifest.rc
F:\BRISQUE\BRISQUE_003\BRISQUE_003\Debug\cl.command.1.tlog
F:\BRISQUE\BRISQUE_003\BRISQUE_003\Debug\CL.read.1.tlog
F:\BRISQUE\BRISQUE_003\BRISQUE_003\Debug\CL.write.1.tlog
F:\BRISQUE\BRISQUE_003\BRISQUE_003\DEBUG\COMPUTESCORE.OBJ
F:\BRISQUE\BRISQUE_003\BRISQUE_003\Debug\link.7000.read.1.tlog
F:\BRISQUE\BRISQUE_003\BRISQUE_003\Debug\link.7000.write.1.tlog
F:\BRISQUE\BRISQUE_003\BRISQUE_003\Debug\link.7000-cvtres.read.1.tlog
F:\BRISQUE\BRISQUE_003\BRISQUE_003\Debug\link.7000-cvtres.write.1.tlog
F:\BRISQUE\BRISQUE_003\BRISQUE_003\Debug\link.command.1.tlog
F:\BRISQUE\BRISQUE_003\BRISQUE_003\Debug\link.read.1.tlog
F:\BRISQUE\BRISQUE_003\BRISQUE_003\Debug\link.write.1.tlog
F:\BRISQUE\BRISQUE_003\BRISQUE_003\Debug\link-cvtres.read.1.tlog
F:\BRISQUE\BRISQUE_003\BRISQUE_003\Debug\link-cvtres.write.1.tlog
F:\BRISQUE\BRISQUE_003\BRISQUE_003\DEBUG\MAIN.OBJ
F:\BRISQUE\BRISQUE_003\BRISQUE_003\Debug\mt.command.1.tlog
F:\BRISQUE\BRISQUE_003\BRISQUE_003\Debug\mt.read.1.tlog
F:\BRISQUE\BRISQUE_003\BRISQUE_003\Debug\mt.write.1.tlog
F:\BRISQUE\BRISQUE_003\BRISQUE_003\DEBUG\PSNR.OBJ
F:\BRISQUE\BRISQUE_003\BRISQUE_003\Debug\rc.command.1.tlog
F:\BRISQUE\BRISQUE_003\BRISQUE_003\Debug\rc.read.1.tlog
F:\BRISQUE\BRISQUE_003\BRISQUE_003\Debug\rc.write.1.tlog
F:\BRISQUE\BRISQUE_003\BRISQUE_003\DEBUG\SSIM.OBJ
F:\BRISQUE\BRISQUE_003\BRISQUE_003\DEBUG\SVM.OBJ
F:\BRISQUE\BRISQUE_003\BRISQUE_003\DEBUG\TRAINMODEL.OBJ
F:\BRISQUE\BRISQUE_003\BRISQUE_003\Debug\vc100.idb
F:\BRISQUE\BRISQUE_003\BRISQUE_003\DEBUG\VC100.PDB
F:\BRISQUE\BRISQUE_003\DEBUG\BRISQUE_003.EXE
F:\BRISQUE\BRISQUE_003\DEBUG\BRISQUE_003.ILK
F:\BRISQUE\BRISQUE_003\DEBUG\BRISQUE_003.PDB
